c:\dev\visualstudio\vulkangraphics\vulkangraphics\x64\debug\vc143.pdb
c:\dev\visualstudio\vulkangraphics\vulkangraphics\x64\debug\vc143.idb
c:\dev\visualstudio\vulkangraphics\vulkangraphics\x64\debug\vulkancore.obj
c:\dev\visualstudio\vulkangraphics\vulkangraphics\x64\debug\source.obj
c:\dev\visualstudio\vulkangraphics\vulkangraphics\x64\debug\glfwwindowhandle.obj
c:\dev\visualstudio\vulkangraphics\vulkangraphics\x64\debug\vulkanswapchain.obj
c:\dev\visualstudio\vulkangraphics\vulkangraphics\x64\debug\vulkansurface.obj
c:\dev\visualstudio\vulkangraphics\vulkangraphics\x64\debug\vulkaninstance.obj
c:\dev\visualstudio\vulkangraphics\vulkangraphics\x64\debug\vulkanimageviews.obj
c:\dev\visualstudio\vulkangraphics\vulkangraphics\x64\debug\vulkangraphicspipeline.obj
c:\dev\visualstudio\vulkangraphics\vulkangraphics\x64\debug\vulkandevice.obj
c:\dev\visualstudio\vulkangraphics\vulkangraphics\x64\debug\vulkanframebuffer.obj
c:\dev\visualstudio\vulkangraphics\x64\debug\vulkangraphics.exe
c:\dev\visualstudio\vulkangraphics\vulkangraphics\x64\debug\vulkangraphics.ilk
c:\dev\visualstudio\vulkangraphics\x64\debug\vulkangraphics.pdb
c:\dev\visualstudio\vulkangraphics\vulkangraphics\x64\debug\vulkangraphics.tlog\cl.command.1.tlog
c:\dev\visualstudio\vulkangraphics\vulkangraphics\x64\debug\vulkangraphics.tlog\cl.items.tlog
c:\dev\visualstudio\vulkangraphics\vulkangraphics\x64\debug\vulkangraphics.tlog\cl.read.1.tlog
c:\dev\visualstudio\vulkangraphics\vulkangraphics\x64\debug\vulkangraphics.tlog\cl.write.1.tlog
c:\dev\visualstudio\vulkangraphics\vulkangraphics\x64\debug\vulkangraphics.tlog\link.command.1.tlog
c:\dev\visualstudio\vulkangraphics\vulkangraphics\x64\debug\vulkangraphics.tlog\link.read.1.tlog
c:\dev\visualstudio\vulkangraphics\vulkangraphics\x64\debug\vulkangraphics.tlog\link.write.1.tlog
